<<<<<<< HEAD
c:\users\tobyc\onedrive - staffordshire university\year 2\further games and graphical concepts\github\further-graphics-directx\dx11 framework 2018\debug\vc142.pdb
c:\users\tobyc\onedrive - staffordshire university\year 2\further games and graphical concepts\github\further-graphics-directx\dx11 framework 2018\debug\vc142.idb
c:\users\tobyc\onedrive - staffordshire university\year 2\further games and graphical concepts\github\further-graphics-directx\dx11 framework 2018\debug\dx11 framework.obj
c:\users\tobyc\onedrive - staffordshire university\year 2\further games and graphical concepts\github\further-graphics-directx\dx11 framework 2018\debug\ddstextureloader.obj
c:\users\tobyc\onedrive - staffordshire university\year 2\further games and graphical concepts\github\further-graphics-directx\dx11 framework 2018\debug\application.obj
c:\users\tobyc\onedrive - staffordshire university\year 2\further games and graphical concepts\github\further-graphics-directx\dx11 framework 2018\debug\dx11 framework.exe
c:\users\tobyc\onedrive - staffordshire university\year 2\further games and graphical concepts\github\further-graphics-directx\dx11 framework 2018\debug\dx11 framework.ilk
c:\users\tobyc\onedrive - staffordshire university\year 2\further games and graphical concepts\github\further-graphics-directx\dx11 framework 2018\debug\dx11 framework.pdb
c:\users\tobyc\onedrive - staffordshire university\year 2\further games and graphical concepts\github\further-graphics-directx\dx11 framework 2018\debug\dx11 framework.res
c:\users\tobyc\onedrive - staffordshire university\year 2\further games and graphical concepts\github\further-graphics-directx\dx11 framework 2018\debug\dx11 framework.tlog\cl.command.1.tlog
c:\users\tobyc\onedrive - staffordshire university\year 2\further games and graphical concepts\github\further-graphics-directx\dx11 framework 2018\debug\dx11 framework.tlog\cl.read.1.tlog
c:\users\tobyc\onedrive - staffordshire university\year 2\further games and graphical concepts\github\further-graphics-directx\dx11 framework 2018\debug\dx11 framework.tlog\cl.write.1.tlog
c:\users\tobyc\onedrive - staffordshire university\year 2\further games and graphical concepts\github\further-graphics-directx\dx11 framework 2018\debug\dx11 framework.tlog\link.command.1.tlog
c:\users\tobyc\onedrive - staffordshire university\year 2\further games and graphical concepts\github\further-graphics-directx\dx11 framework 2018\debug\dx11 framework.tlog\link.read.1.tlog
c:\users\tobyc\onedrive - staffordshire university\year 2\further games and graphical concepts\github\further-graphics-directx\dx11 framework 2018\debug\dx11 framework.tlog\link.write.1.tlog
c:\users\tobyc\onedrive - staffordshire university\year 2\further games and graphical concepts\github\further-graphics-directx\dx11 framework 2018\debug\dx11 framework.tlog\rc.command.1.tlog
c:\users\tobyc\onedrive - staffordshire university\year 2\further games and graphical concepts\github\further-graphics-directx\dx11 framework 2018\debug\dx11 framework.tlog\rc.read.1.tlog
c:\users\tobyc\onedrive - staffordshire university\year 2\further games and graphical concepts\github\further-graphics-directx\dx11 framework 2018\debug\dx11 framework.tlog\rc.write.1.tlog
=======
>>>>>>> parent of 3e2bad5... PRE RE FACTOR - Specular from file implemented however not fully working
